<?xml version="1.0" encoding="UTF-8"?>
<!-- Generated by org.testng.reporters.JUnitXMLReporter -->
<testsuite ignored="0" hostname="DESKTOP-PQ9NV9M" failures="0" tests="3" name="Default test" time="62.832" errors="0" timestamp="2021-01-04T00:36:44 IST">
  <testcase classname="com.michaels.testcases.TestStoreFilter" name="filterButtonVisibility" time="0.171"/>
  <testcase classname="com.michaels.testcases.TestStoreFilter" name="filtercheckboxesVisibility" time="0.563"/>
  <testcase classname="com.michaels.testcases.TestStoreFilter" name="storeList" time="3.137"/>
</testsuite> <!-- Default test -->
