<?xml version="1.0" encoding="UTF-8"?>
<testng-results ignored="0" total="3" passed="3" failed="0" skipped="0">
  <reporter-output>
  </reporter-output>
  <suite started-at="2021-01-04T00:35:41 IST" name="Default suite" finished-at="2021-01-04T00:36:44 IST" duration-ms="62832">
    <groups>
    </groups>
    <test started-at="2021-01-04T00:35:41 IST" name="Default test" finished-at="2021-01-04T00:36:44 IST" duration-ms="62832">
      <class name="com.michaels.testcases.TestStoreFilter">
        <test-method is-config="true" signature="getReady()[pri:0, instance:com.michaels.testcases.TestStoreFilter@4df50bcc]" started-at="2021-01-04T00:35:41 IST" name="getReady" finished-at="2021-01-04T00:36:01 IST" duration-ms="19401" status="PASS">
          <reporter-output>
          </reporter-output>
        </test-method> <!-- getReady -->
        <test-method signature="filterButtonVisibility()[pri:1, instance:com.michaels.testcases.TestStoreFilter@4df50bcc]" started-at="2021-01-04T00:36:01 IST" name="filterButtonVisibility" finished-at="2021-01-04T00:36:01 IST" duration-ms="171" status="PASS">
          <reporter-output>
          </reporter-output>
        </test-method> <!-- filterButtonVisibility -->
        <test-method is-config="true" signature="terminate()[pri:0, instance:com.michaels.testcases.TestStoreFilter@4df50bcc]" started-at="2021-01-04T00:36:01 IST" name="terminate" finished-at="2021-01-04T00:36:01 IST" duration-ms="242" status="PASS">
          <reporter-output>
          </reporter-output>
        </test-method> <!-- terminate -->
        <test-method is-config="true" signature="getReady()[pri:0, instance:com.michaels.testcases.TestStoreFilter@4df50bcc]" started-at="2021-01-04T00:36:01 IST" name="getReady" finished-at="2021-01-04T00:36:20 IST" duration-ms="19270" status="PASS">
          <reporter-output>
          </reporter-output>
        </test-method> <!-- getReady -->
        <test-method signature="filtercheckboxesVisibility()[pri:2, instance:com.michaels.testcases.TestStoreFilter@4df50bcc]" started-at="2021-01-04T00:36:20 IST" name="filtercheckboxesVisibility" finished-at="2021-01-04T00:36:21 IST" duration-ms="563" status="PASS">
          <reporter-output>
          </reporter-output>
        </test-method> <!-- filtercheckboxesVisibility -->
        <test-method is-config="true" signature="terminate()[pri:0, instance:com.michaels.testcases.TestStoreFilter@4df50bcc]" started-at="2021-01-04T00:36:21 IST" name="terminate" finished-at="2021-01-04T00:36:21 IST" duration-ms="133" status="PASS">
          <reporter-output>
          </reporter-output>
        </test-method> <!-- terminate -->
        <test-method is-config="true" signature="getReady()[pri:0, instance:com.michaels.testcases.TestStoreFilter@4df50bcc]" started-at="2021-01-04T00:36:21 IST" name="getReady" finished-at="2021-01-04T00:36:41 IST" duration-ms="19766" status="PASS">
          <reporter-output>
          </reporter-output>
        </test-method> <!-- getReady -->
        <test-method signature="storeList()[pri:3, instance:com.michaels.testcases.TestStoreFilter@4df50bcc]" started-at="2021-01-04T00:36:41 IST" name="storeList" finished-at="2021-01-04T00:36:44 IST" duration-ms="3137" status="PASS">
          <reporter-output>
          </reporter-output>
        </test-method> <!-- storeList -->
        <test-method is-config="true" signature="terminate()[pri:0, instance:com.michaels.testcases.TestStoreFilter@4df50bcc]" started-at="2021-01-04T00:36:44 IST" name="terminate" finished-at="2021-01-04T00:36:44 IST" duration-ms="94" status="PASS">
          <reporter-output>
          </reporter-output>
        </test-method> <!-- terminate -->
      </class> <!-- com.michaels.testcases.TestStoreFilter -->
    </test> <!-- Default test -->
  </suite> <!-- Default suite -->
</testng-results>
