<?xml version="1.0" encoding="UTF-8"?>
<testng-results ignored="0" total="1" passed="1" failed="0" skipped="0">
  <reporter-output>
  </reporter-output>
  <suite started-at="2021-01-12T19:29:46 IST" name="Default suite" finished-at="2021-01-12T19:30:09 IST" duration-ms="23914">
    <groups>
    </groups>
    <test started-at="2021-01-12T19:29:46 IST" name="Default test" finished-at="2021-01-12T19:30:09 IST" duration-ms="23914">
      <class name="com.michaels.testcases.TestOpeningDays">
        <test-method is-config="true" signature="getReady()[pri:0, instance:com.michaels.testcases.TestOpeningDays@45b9a632]" started-at="2021-01-12T19:29:46 IST" name="getReady" finished-at="2021-01-12T19:30:05 IST" duration-ms="19906" status="PASS">
          <reporter-output>
          </reporter-output>
        </test-method> <!-- getReady -->
        <test-method signature="testOpeningDays()[pri:1, instance:com.michaels.testcases.TestOpeningDays@45b9a632]" started-at="2021-01-12T19:30:05 IST" name="testOpeningDays" finished-at="2021-01-12T19:30:09 IST" duration-ms="3892" status="PASS">
          <reporter-output>
          </reporter-output>
        </test-method> <!-- testOpeningDays -->
        <test-method is-config="true" signature="terminate()[pri:0, instance:com.michaels.testcases.TestOpeningDays@45b9a632]" started-at="2021-01-12T19:30:09 IST" name="terminate" finished-at="2021-01-12T19:30:09 IST" duration-ms="69" status="PASS">
          <reporter-output>
          </reporter-output>
        </test-method> <!-- terminate -->
      </class> <!-- com.michaels.testcases.TestOpeningDays -->
    </test> <!-- Default test -->
  </suite> <!-- Default suite -->
</testng-results>
